16:34:58.423 [main] INFO  - Goto My Account -->Click on Login
16:34:58.590 [main] INFO  - Clicked on My Account Link
16:34:59.123 [main] INFO  - Clicked on Login Link
16:34:59.148 [main] INFO  - Entering email and password
16:35:00.475 [main] INFO  - Clicked on Login button
16:54:13.827 [main] INFO  - Goto My Account -->Click on Login
16:54:13.920 [main] INFO  - Clicked on My Account Link
16:54:14.333 [main] INFO  - Clicked on Login Link
16:54:14.341 [main] INFO  - Entering email and password
16:54:15.007 [main] INFO  - Clicked on Login button
18:17:00.558 [main] INFO  - Goto My Account -->Click on Login
18:17:00.781 [main] INFO  - Clicked on My Account Link
18:17:01.689 [main] INFO  - Clicked on Login Link
18:17:01.707 [main] INFO  - Entering email and password
18:17:03.069 [main] INFO  - Clicked on Login button
19:14:59.100 [main] INFO  - Goto My Account -->Click on Login
19:14:59.313 [main] INFO  - Clicked on My Account Link
19:15:00.200 [main] INFO  - Clicked on Login Link
19:15:00.217 [main] INFO  - Entering email and password
19:15:01.696 [main] INFO  - Clicked on Login button
